<?xml version="1.0" encoding="UTF-8"?>
<!-- Generated by org.testng.reporters.JUnitReportReporter -->
<testsuite skipped="0" hostname="Jayesh-PC" name="tests.GeneralStoreAppTest" tests="1" failures="0" timestamp="2020-01-20T20:41:05 GMT" time="147.770" errors="0">
  <testcase name="TC_001_ClientItemPurchaseJourney" time="147.770" classname="tests.GeneralStoreAppTest"/>
  <system-out/>
</testsuite> <!-- tests.GeneralStoreAppTest -->
